<?xml version="1.0" encoding="UTF-8"?>
<testsuite name="com.csc.TestTicTacToe" tests="5" skipped="0" failures="0" errors="0" timestamp="2024-11-08T07:04:29" hostname="WIN-VE0J3PDRJ34" time="0.051">
  <properties/>
  <testcase name="testDraw()" classname="com.csc.TestTicTacToe" time="0.028"/>
  <testcase name="testWinByRow()" classname="com.csc.TestTicTacToe" time="0.003"/>
  <testcase name="testPlayerOMove()" classname="com.csc.TestTicTacToe" time="0.002"/>
  <testcase name="testPlayerXMove()" classname="com.csc.TestTicTacToe" time="0.003"/>
  <testcase name="testPlayerSwitch()" classname="com.csc.TestTicTacToe" time="0.004"/>
  <system-out><![CDATA[]]></system-out>
  <system-err><![CDATA[]]></system-err>
</testsuite>
