<?xml version="1.0" encoding="UTF-8"?>
<testsuite name="com.csc.TestTicTacToe" tests="5" skipped="0" failures="0" errors="0" timestamp="2024-09-30T04:29:27" hostname="WIN-VE0J3PDRJ34" time="0.02">
  <properties/>
  <testcase name="testDraw()" classname="com.csc.TestTicTacToe" time="0.01"/>
  <testcase name="testWinByRow()" classname="com.csc.TestTicTacToe" time="0.001"/>
  <testcase name="testPlayerOMove()" classname="com.csc.TestTicTacToe" time="0.001"/>
  <testcase name="testPlayerXMove()" classname="com.csc.TestTicTacToe" time="0.002"/>
  <testcase name="testPlayerSwitch()" classname="com.csc.TestTicTacToe" time="0.0"/>
  <system-out><![CDATA[]]></system-out>
  <system-err><![CDATA[]]></system-err>
</testsuite>
